<?xml version="1.0" encoding="UTF-8"?>
<!-- Generated by org.testng.reporters.JUnitXMLReporter -->
<testsuite ignored="0" hostname="intern-pmquang-laptop" failures="2" tests="3" name="Test_Shopee" time="168.719" errors="0" timestamp="2025-02-21T17:21:34 ICT">
  <testcase classname="TestCase.TestCaseLogin" name="TestLoginWithPhoneNumber" time="45.919"/>
  <testcase classname="TestCase.TestCaseLogin" name="TestLoginFail" time="5.892">
    <failure type="java.lang.AssertionError" message="The following asserts failed:
	Thông báo lỗi đăng nhập không đúng expected [true] but found [false]">
      <![CDATA[java.lang.AssertionError: The following asserts failed:
Thông báo lỗi đăng nhập không đúng expected [true] but found [false]
at TestCase.TestCaseLogin.TestLoginFail(TestCaseLogin.java:117)
at java.base/java.util.ArrayList.forEach(ArrayList.java:1511)
... Removed 29 stack frames]]>
    </failure>
  </testcase> <!-- TestLoginFail -->
  <testcase classname="TestCase.TestCaseLogin" name="TestLoginFail_AccountLengthLessThan8" time="4.689">
    <failure type="java.lang.AssertionError" message="The following asserts failed:
	Thông báo lỗi đăng nhập không đúng expected [true] but found [false]">
      <![CDATA[java.lang.AssertionError: The following asserts failed:
Thông báo lỗi đăng nhập không đúng expected [true] but found [false]
at TestCase.TestCaseLogin.TestLoginFail_AccountLengthLessThan8(TestCaseLogin.java:135)
at java.base/java.util.ArrayList.forEach(ArrayList.java:1511)
... Removed 29 stack frames]]>
    </failure>
  </testcase> <!-- TestLoginFail_AccountLengthLessThan8 -->
</testsuite> <!-- Test_Shopee -->
