<?xml version="1.0" encoding="UTF-8"?>
<!-- Generated by org.testng.reporters.JUnitXMLReporter -->
<testsuite ignored="0" hostname="intern-pmquang-laptop" failures="2" tests="4" name="Test_Shopee" time="197.062" errors="0" timestamp="2025-03-11T08:31:29 ICT">
  <testcase classname="TestCase.TestCaseLogin" name="TestLoginWithPhoneNumber" time="15.371"/>
  <testcase classname="TestCase.TestCaseLogin" name="TestLoginWithEmail" time="14.555"/>
  <testcase classname="TestCase.TestCaseLogin" name="TestLoginFail" time="5.671">
    <failure type="java.lang.AssertionError" message="Thông báo lỗi không khớp.Mong đợi: TĂ i khoáº£n hoáº·c máº­t kháº©u Ä‘Äƒng nháº­p khĂ´ng chĂ­nh xĂ¡c. Vui lĂ²ng thá»­ láº¡i. | Thực tế: Tài khoản hoặc mật khẩu đăng nhập không chính xác. Vui lòng thử lại.">
      <![CDATA[java.lang.AssertionError: Thông báo lỗi không khớp.Mong đợi: TĂ i khoáº£n hoáº·c máº­t kháº©u Ä‘Äƒng nháº­p khĂ´ng chĂ­nh xĂ¡c. Vui lĂ²ng thá»­ láº¡i. | Thực tế: Tài khoản hoặc mật khẩu đăng nhập không chính xác. Vui lòng thử lại.
at Page.LoginPage.lambda$confirmLoginFaild$1(LoginPage.java:132)
at io.qameta.allure.Allure.lambda$step$1(Allure.java:127)
at io.qameta.allure.Allure.step(Allure.java:181)
at io.qameta.allure.Allure.step(Allure.java:125)
at Page.LoginPage.confirmLoginFaild(LoginPage.java:119)
at TestCase.TestCaseLogin.TestLoginFail(TestCaseLogin.java:151)
at java.base/java.util.ArrayList.forEach(ArrayList.java:1511)
... Removed 31 stack frames]]>
    </failure>
  </testcase> <!-- TestLoginFail -->
  <testcase classname="TestCase.TestCaseLogin" name="TestLoginFail_AccountLengthLessThan8" time="6.257">
    <failure type="java.lang.AssertionError" message="Thông báo lỗi không khớp.Mong đợi: Uiiii, cĂ³ lá»—i rá»“i. Vui lĂ²ng thá»­ láº¡i sau | Thực tế: Uiiii, có lỗi rồi. Vui lòng thử lại sau">
      <![CDATA[java.lang.AssertionError: Thông báo lỗi không khớp.Mong đợi: Uiiii, cĂ³ lá»—i rá»“i. Vui lĂ²ng thá»­ láº¡i sau | Thực tế: Uiiii, có lỗi rồi. Vui lòng thử lại sau
at Page.LoginPage.lambda$confirmLoginFaild$1(LoginPage.java:132)
at io.qameta.allure.Allure.lambda$step$1(Allure.java:127)
at io.qameta.allure.Allure.step(Allure.java:181)
at io.qameta.allure.Allure.step(Allure.java:125)
at Page.LoginPage.confirmLoginFaild(LoginPage.java:119)
at TestCase.TestCaseLogin.TestLoginFail_AccountLengthLessThan8(TestCaseLogin.java:171)
at java.base/java.util.ArrayList.forEach(ArrayList.java:1511)
... Removed 31 stack frames]]>
    </failure>
  </testcase> <!-- TestLoginFail_AccountLengthLessThan8 -->
</testsuite> <!-- Test_Shopee -->
