-------------------------------------------------------------------------------
Test set: TestSuite
-------------------------------------------------------------------------------
Tests run: 4, Failures: 2, Errors: 0, Skipped: 0, Time elapsed: 197.591 s <<< FAILURE! - in TestSuite
TestLoginFail(TestCase.TestCaseLogin)  Time elapsed: 6.325 s  <<< FAILURE!
java.lang.AssertionError: Thông báo l?i không kh?p.Mong ğ?i: TÃ i khoáº£n hoáº·c máº­t kháº©u Ä‘Äƒng nháº­p khÃ´ng chÃ­nh xÃ¡c. Vui lÃ²ng thá»­ láº¡i. | Th?c t?: Tài kho?n ho?c m?t kh?u ğãng nh?p không chính xác. Vui l?ng th? l?i.
	at TestCase.TestCaseLogin.TestLoginFail(TestCaseLogin.java:151)

TestLoginFail_AccountLengthLessThan8(TestCase.TestCaseLogin)  Time elapsed: 6.855 s  <<< FAILURE!
java.lang.AssertionError: Thông báo l?i không kh?p.Mong ğ?i: Uiiii, cÃ³ lá»—i rá»“i. Vui lÃ²ng thá»­ láº¡i sau | Th?c t?: Uiiii, có l?i r?i. Vui l?ng th? l?i sau
	at TestCase.TestCaseLogin.TestLoginFail_AccountLengthLessThan8(TestCaseLogin.java:171)

