<?xml version="1.0" encoding="UTF-8"?>
<testng-results ignored="0" total="1" passed="0" failed="1" skipped="0">
  <reporter-output>
  </reporter-output>
  <suite started-at="2025-03-12T16:05:20 ICT" name="Suite" finished-at="2025-03-12T16:06:41 ICT" duration-ms="80586">
    <groups>
    </groups>
    <test started-at="2025-03-12T16:05:20 ICT" name="Test_Shopee" finished-at="2025-03-12T16:06:41 ICT" duration-ms="80586">
      <class name="TestCase.TestCaseSearchProduct">
        <test-method is-config="true" signature="SetUp()[pri:0, instance:TestCase.TestCaseSearchProduct@38234a38]" started-at="2025-03-12T16:05:20 ICT" name="SetUp" finished-at="2025-03-12T16:05:51 ICT" duration-ms="30640" status="PASS">
          <reporter-output>
          </reporter-output>
        </test-method> <!-- SetUp -->
        <test-method signature="TestFilterByPrice(java.lang.String,java.lang.String,java.lang.String)[pri:2, instance:TestCase.TestCaseSearchProduct@38234a38]" started-at="2025-03-12T16:05:51 ICT" name="TestFilterByPrice" description="TC06 - Kiểm tra chức năng lọc theo khoảng giá" data-provider="ProducFiltertData" finished-at="2025-03-12T16:06:34 ICT" duration-ms="43740" status="FAIL">
          <params>
            <param index="0">
              <value>
                <![CDATA[Áo thun nam]]>
              </value>
            </param>
            <param index="1">
              <value>
                <![CDATA[200000]]>
              </value>
            </param>
            <param index="2">
              <value>
                <![CDATA[300000]]>
              </value>
            </param>
          </params>
          <exception class="java.lang.AssertionError">
            <message>
              <![CDATA[Test thất bại: Có sản phẩm không nằm trong khoảng giá!]]>
            </message>
            <full-stacktrace>
              <![CDATA[java.lang.AssertionError: Test thất bại: Có sản phẩm không nằm trong khoảng giá!
at Page.SearchPage.lambda$5(SearchPage.java:274)
at io.qameta.allure.Allure.lambda$step$1(Allure.java:127)
at io.qameta.allure.Allure.step(Allure.java:181)
at io.qameta.allure.Allure.step(Allure.java:125)
at Page.SearchPage.verifyProductsWithinPriceRange(SearchPage.java:253)
at TestCase.TestCaseSearchProduct.TestFilterByPrice(TestCaseSearchProduct.java:113)
at java.base/jdk.internal.reflect.NativeMethodAccessorImpl.invoke0(Native Method)
at java.base/jdk.internal.reflect.NativeMethodAccessorImpl.invoke(NativeMethodAccessorImpl.java:77)
at java.base/jdk.internal.reflect.DelegatingMethodAccessorImpl.invoke(DelegatingMethodAccessorImpl.java:43)
at java.base/java.lang.reflect.Method.invoke(Method.java:568)
at org.testng.internal.invokers.MethodInvocationHelper.invokeMethod(MethodInvocationHelper.java:141)
at org.testng.internal.invokers.TestInvoker.invokeMethod(TestInvoker.java:686)
at org.testng.internal.invokers.TestInvoker.invokeTestMethod(TestInvoker.java:230)
at org.testng.internal.invokers.MethodRunner.runInSequence(MethodRunner.java:63)
at org.testng.internal.invokers.TestInvoker$MethodInvocationAgent.invoke(TestInvoker.java:992)
at org.testng.internal.invokers.TestInvoker.invokeTestMethods(TestInvoker.java:203)
at org.testng.internal.invokers.TestMethodWorker.invokeTestMethods(TestMethodWorker.java:154)
at org.testng.internal.invokers.TestMethodWorker.run(TestMethodWorker.java:134)
at java.base/java.util.ArrayList.forEach(ArrayList.java:1511)
at org.testng.TestRunner.privateRun(TestRunner.java:739)
at org.testng.TestRunner.run(TestRunner.java:614)
at org.testng.SuiteRunner.runTest(SuiteRunner.java:421)
at org.testng.SuiteRunner.runSequentially(SuiteRunner.java:413)
at org.testng.SuiteRunner.privateRun(SuiteRunner.java:373)
at org.testng.SuiteRunner.run(SuiteRunner.java:312)
at org.testng.SuiteRunnerWorker.runSuite(SuiteRunnerWorker.java:52)
at org.testng.SuiteRunnerWorker.run(SuiteRunnerWorker.java:95)
at org.testng.TestNG.runSuitesSequentially(TestNG.java:1274)
at org.testng.TestNG.runSuitesLocally(TestNG.java:1208)
at org.testng.TestNG.runSuites(TestNG.java:1112)
at org.testng.TestNG.run(TestNG.java:1079)
at org.testng.remote.AbstractRemoteTestNG.run(AbstractRemoteTestNG.java:115)
at org.testng.remote.RemoteTestNG.initAndRun(RemoteTestNG.java:293)
at org.testng.remote.RemoteTestNG.main(RemoteTestNG.java:91)
]]>
            </full-stacktrace>
          </exception> <!-- java.lang.AssertionError -->
          <reporter-output>
          </reporter-output>
        </test-method> <!-- TestFilterByPrice -->
        <test-method is-config="true" signature="TearDown()[pri:0, instance:TestCase.TestCaseSearchProduct@38234a38]" started-at="2025-03-12T16:06:36 ICT" name="TearDown" finished-at="2025-03-12T16:06:39 ICT" duration-ms="2703" status="PASS">
          <reporter-output>
          </reporter-output>
        </test-method> <!-- TearDown -->
        <test-method is-config="true" signature="afterClass()[pri:0, instance:TestCase.TestCaseSearchProduct@38234a38]" started-at="2025-03-12T16:06:39 ICT" name="afterClass" finished-at="2025-03-12T16:06:41 ICT" duration-ms="2004" status="PASS">
          <reporter-output>
          </reporter-output>
        </test-method> <!-- afterClass -->
      </class> <!-- TestCase.TestCaseSearchProduct -->
    </test> <!-- Test_Shopee -->
  </suite> <!-- Suite -->
</testng-results>
